Using pre-set license
Built from '2020.3/staging' branch; Version is '2020.3.18f1 (a7d1c678663c) revision 10998214'; Using compiler version '192528614'; Build Type 'Release'
OS: 'Windows 10 Home; OS build 19042.1348; Version 2009; 64bit' Language: 'en' Physical Memory: 16138 MB
BatchMode: 1, IsHumanControllingUs: 0, StartBugReporterOnCrash: 0, Is64bit: 1, IsPro: 0

COMMAND LINE ARGUMENTS:
C:\Program Files\Unity\Hub\Editor\2020.3.18f1\Editor\Unity.exe
-adb2
-batchMode
-noUpm
-name
AssetImportWorker1
-projectPath
C:/Users/Jimmy/Downloads/Gamers Unite/Finale/Imbroglio
-logFile
Logs/AssetImportWorker1.log
-srvPort
56899
Successfully changed project path to: C:/Users/Jimmy/Downloads/Gamers Unite/Finale/Imbroglio
C:/Users/Jimmy/Downloads/Gamers Unite/Finale/Imbroglio
Using Asset Import Pipeline V2.
Refreshing native plugins compatible for Editor in 106.76 ms, found 2 plugins.
Preloading 0 native plugins for Editor in 0.00 ms.
Initialize engine version: 2020.3.18f1 (a7d1c678663c)
[Subsystems] Discovering subsystems at path C:/Program Files/Unity/Hub/Editor/2020.3.18f1/Editor/Data/Resources/UnitySubsystems
[Subsystems] Discovering subsystems at path C:/Users/Jimmy/Downloads/Gamers Unite/Finale/Imbroglio/Assets
GfxDevice: creating device client; threaded=0
Direct3D:
    Version:  Direct3D 11.0 [level 11.1]
    Renderer: Intel(R) Iris(R) Plus Graphics (ID=0x8a52)
    Vendor:   
    VRAM:     8069 MB
    Driver:   27.20.100.9664
Initialize mono
Mono path[0] = 'C:/Program Files/Unity/Hub/Editor/2020.3.18f1/Editor/Data/Managed'
Mono path[1] = 'C:/Program Files/Unity/Hub/Editor/2020.3.18f1/Editor/Data/MonoBleedingEdge/lib/mono/unityjit'
Mono config path = 'C:/Program Files/Unity/Hub/Editor/2020.3.18f1/Editor/Data/MonoBleedingEdge/etc'
Using monoOptions --debugger-agent=transport=dt_socket,embedding=1,server=y,suspend=n,address=127.0.0.1:56700
Begin MonoManager ReloadAssembly
Registering precompiled unity dll's ...
Register platform support module: C:/Program Files/Unity/Hub/Editor/2020.3.18f1/Editor/Data/PlaybackEngines/WebGLSupport/UnityEditor.WebGL.Extensions.dll
Register platform support module: C:/Program Files/Unity/Hub/Editor/2020.3.18f1/Editor/Data/PlaybackEngines/MacStandaloneSupport/UnityEditor.OSXStandalone.Extensions.dll
Register platform support module: C:/Program Files/Unity/Hub/Editor/2020.3.18f1/Editor/Data/PlaybackEngines/WindowsStandaloneSupport/UnityEditor.WindowsStandalone.Extensions.dll
Registered in 0.005946 seconds.
Native extension for WindowsStandalone target not found
Native extension for OSXStandalone target not found
Native extension for WebGL target not found
Refreshing native plugins compatible for Editor in 98.06 ms, found 2 plugins.
Preloading 0 native plugins for Editor in 0.00 ms.
Mono: successfully reloaded assembly
- Completed reload, in  3.707 seconds
Domain Reload Profiling:
	ReloadAssembly (3708ms)
		BeginReloadAssembly (202ms)
			ExecutionOrderSort (0ms)
			DisableScriptedObjects (0ms)
			BackupInstance (0ms)
			ReleaseScriptingObjects (0ms)
			CreateAndSetChildDomain (2ms)
		EndReloadAssembly (1117ms)
			LoadAssemblies (195ms)
			RebuildTransferFunctionScriptingTraits (0ms)
			SetupTypeCache (356ms)
			ReleaseScriptCaches (0ms)
			RebuildScriptCaches (89ms)
			SetupLoadedEditorAssemblies (483ms)
				LogAssemblyErrors (0ms)
				InitializePlatformSupportModulesInManaged (19ms)
				SetLoadedEditorAssemblies (1ms)
				RefreshPlugins (98ms)
				BeforeProcessingInitializeOnLoad (32ms)
				ProcessInitializeOnLoadAttributes (260ms)
				ProcessInitializeOnLoadMethodAttributes (72ms)
				AfterProcessingInitializeOnLoad (0ms)
				EditorAssembliesLoaded (1ms)
			ExecutionOrderSort2 (0ms)
			AwakeInstancesAfterBackupRestoration (0ms)
Platform modules already initialized, skipping
Registering precompiled user dll's ...
Registered in 0.006369 seconds.
Begin MonoManager ReloadAssembly
Native extension for WindowsStandalone target not found
Native extension for OSXStandalone target not found
Native extension for WebGL target not found
Refreshing native plugins compatible for Editor in 0.58 ms, found 2 plugins.
Preloading 0 native plugins for Editor in 0.00 ms.
Mono: successfully reloaded assembly
- Completed reload, in  2.477 seconds
Domain Reload Profiling:
	ReloadAssembly (2487ms)
		BeginReloadAssembly (334ms)
			ExecutionOrderSort (0ms)
			DisableScriptedObjects (10ms)
			BackupInstance (0ms)
			ReleaseScriptingObjects (0ms)
			CreateAndSetChildDomain (50ms)
		EndReloadAssembly (1998ms)
			LoadAssemblies (196ms)
			RebuildTransferFunctionScriptingTraits (0ms)
			SetupTypeCache (591ms)
			ReleaseScriptCaches (1ms)
			RebuildScriptCaches (98ms)
			SetupLoadedEditorAssemblies (909ms)
				LogAssemblyErrors (0ms)
				InitializePlatformSupportModulesInManaged (15ms)
				SetLoadedEditorAssemblies (1ms)
				RefreshPlugins (1ms)
				BeforeProcessingInitializeOnLoad (147ms)
				ProcessInitializeOnLoadAttributes (720ms)
				ProcessInitializeOnLoadMethodAttributes (10ms)
				AfterProcessingInitializeOnLoad (14ms)
				EditorAssembliesLoaded (1ms)
			ExecutionOrderSort2 (0ms)
			AwakeInstancesAfterBackupRestoration (17ms)
Platform modules already initialized, skipping
========================================================================
Worker process is ready to serve import requests
Launched and connected shader compiler UnityShaderCompiler.exe after 0.26 seconds
Refreshing native plugins compatible for Editor in 0.59 ms, found 2 plugins.
Preloading 0 native plugins for Editor in 0.00 ms.
Unloading 1405 Unused Serialized files (Serialized files now loaded: 0)
System memory in use before: 86.3 MB.
System memory in use after: 86.4 MB.

Unloading 15 unused Assets to reduce memory usage. Loaded Objects now: 1873.
Total: 5.764900 ms (FindLiveObjects: 0.225200 ms CreateObjectMapping: 0.069900 ms MarkObjects: 5.373700 ms  DeleteObjects: 0.094300 ms)

AssetImportParameters requested are different than current active one (requested -> active):
  custom:framework-win-MediaFoundation: 216162199b28c13a410421893ffa2e32 -> 
  custom:video-decoder-ogg-theora: a1e56fd34408186e4bbccfd4996cb3dc -> 
  custom:container-muxer-webm: aa71ff27fc2769a1b78a27578f13a17b -> 
  custom:container-demuxer-webm: 4f35f7cbe854078d1ac9338744f61a02 -> 
  custom:container-demuxer-ogg: 62fdf1f143b41e24485cea50d1cbac27 -> 
  custom:video-encoder-webm-vp8: eb34c28f22e8b96e1ab97ce403110664 -> 
  custom:video-codec-MediaFoundation-h265: 746d11721c4dcdbdad8f713fa42b33f4 -> 
  custom:video-decoder-webm-vp8: 9c59270c3fd7afecdb556c50c9e8de78 -> 
  custom:audio-decoder-ogg-vorbis: bf7c407c2cedff20999df2af8eb42d56 -> 
  custom:audio-encoder-webm-vorbis: bf7c407c2cedff20999df2af8eb42d56 -> 
========================================================================
Received Import Request.
  path: Assets/Terrain Enter.asset
  artifactKey: Guid(fd3d2354fc5f5bb40ac846f683ab0534) Importer(815301076,1909f56bfc062723c751e8b465ee728b)
Start importing Assets/Terrain Enter.asset using Guid(fd3d2354fc5f5bb40ac846f683ab0534) Importer(815301076,1909f56bfc062723c751e8b465ee728b)  -> (artifact id: 'd15c6b3ef83ebba86dbb2ebf4f1b9d1f') in 0.135491 seconds 
  Import took 0.140890 seconds .

========================================================================
Received Import Request.
  Time since last request: 0.000819 seconds.
  path: Assets/Terrain Cave.asset
  artifactKey: Guid(69648eb7df235d549a9d6ea3fe5817aa) Importer(815301076,1909f56bfc062723c751e8b465ee728b)
Start importing Assets/Terrain Cave.asset using Guid(69648eb7df235d549a9d6ea3fe5817aa) Importer(815301076,1909f56bfc062723c751e8b465ee728b)  -> (artifact id: 'cb8d26580afc52429704aae819380339') in 0.054158 seconds 
  Import took 0.060572 seconds .

========================================================================
Received Import Request.
  Time since last request: 0.000525 seconds.
  path: Assets/Materials/Car_LOD0.mat
  artifactKey: Guid(fb6a8cd0465793343aee20f38801c78e) Importer(815301076,1909f56bfc062723c751e8b465ee728b)
Start importing Assets/Materials/Car_LOD0.mat using Guid(fb6a8cd0465793343aee20f38801c78e) Importer(815301076,1909f56bfc062723c751e8b465ee728b)  -> (artifact id: 'fa71b8b408d8bbf00976da7d4531791c') in 0.226832 seconds 
  Import took 0.234452 seconds .

========================================================================
Received Prepare
Refreshing native plugins compatible for Editor in 7.01 ms, found 2 plugins.
Preloading 0 native plugins for Editor in 0.00 ms.
Unloading 9 Unused Serialized files (Serialized files now loaded: 0)
System memory in use before: 62.0 MB.
System memory in use after: 62.1 MB.

Unloading 9 unused Assets to reduce memory usage. Loaded Objects now: 1914.
Total: 7.966700 ms (FindLiveObjects: 0.348600 ms CreateObjectMapping: 0.087200 ms MarkObjects: 7.459500 ms  DeleteObjects: 0.068500 ms)

AssetImportParameters requested are different than current active one (requested -> active):
  custom:framework-win-MediaFoundation: 216162199b28c13a410421893ffa2e32 -> 
  custom:video-decoder-ogg-theora: a1e56fd34408186e4bbccfd4996cb3dc -> 
  custom:container-muxer-webm: aa71ff27fc2769a1b78a27578f13a17b -> 
  custom:container-demuxer-webm: 4f35f7cbe854078d1ac9338744f61a02 -> 
  custom:container-demuxer-ogg: 62fdf1f143b41e24485cea50d1cbac27 -> 
  custom:video-encoder-webm-vp8: eb34c28f22e8b96e1ab97ce403110664 -> 
  custom:video-codec-MediaFoundation-h265: 746d11721c4dcdbdad8f713fa42b33f4 -> 
  custom:video-decoder-webm-vp8: 9c59270c3fd7afecdb556c50c9e8de78 -> 
  custom:audio-decoder-ogg-vorbis: bf7c407c2cedff20999df2af8eb42d56 -> 
  custom:audio-encoder-webm-vorbis: bf7c407c2cedff20999df2af8eb42d56 -> 
========================================================================
Received Import Request.
  Time since last request: 66.942657 seconds.
  path: Assets/Models/Car.fbx
  artifactKey: Guid(d203b02fd9996024597a140c593984fe) Importer(815301076,1909f56bfc062723c751e8b465ee728b)
Start importing Assets/Models/Car.fbx using Guid(d203b02fd9996024597a140c593984fe) Importer(815301076,1909f56bfc062723c751e8b465ee728b)  -> (artifact id: 'd4bfad466cdd0ea96578e9bb2fa6e23b') in 0.236599 seconds 
  Import took 0.248205 seconds .

========================================================================
Received Prepare
Registering precompiled user dll's ...
Registered in 0.006851 seconds.
Begin MonoManager ReloadAssembly
Native extension for WindowsStandalone target not found
Native extension for OSXStandalone target not found
Native extension for WebGL target not found
Refreshing native plugins compatible for Editor in 0.84 ms, found 2 plugins.
Preloading 0 native plugins for Editor in 0.00 ms.
Mono: successfully reloaded assembly
- Completed reload, in  2.146 seconds
Domain Reload Profiling:
	ReloadAssembly (2147ms)
		BeginReloadAssembly (254ms)
			ExecutionOrderSort (0ms)
			DisableScriptedObjects (9ms)
			BackupInstance (0ms)
			ReleaseScriptingObjects (0ms)
			CreateAndSetChildDomain (75ms)
		EndReloadAssembly (1748ms)
			LoadAssemblies (200ms)
			RebuildTransferFunctionScriptingTraits (0ms)
			SetupTypeCache (585ms)
			ReleaseScriptCaches (1ms)
			RebuildScriptCaches (83ms)
			SetupLoadedEditorAssemblies (660ms)
				LogAssemblyErrors (0ms)
				InitializePlatformSupportModulesInManaged (18ms)
				SetLoadedEditorAssemblies (1ms)
				RefreshPlugins (1ms)
				BeforeProcessingInitializeOnLoad (127ms)
				ProcessInitializeOnLoadAttributes (492ms)
				ProcessInitializeOnLoadMethodAttributes (8ms)
				AfterProcessingInitializeOnLoad (12ms)
				EditorAssembliesLoaded (1ms)
			ExecutionOrderSort2 (0ms)
			AwakeInstancesAfterBackupRestoration (15ms)
Platform modules already initialized, skipping
Refreshing native plugins compatible for Editor in 0.72 ms, found 2 plugins.
Preloading 0 native plugins for Editor in 0.00 ms.
Unloading 1399 Unused Serialized files (Serialized files now loaded: 0)
System memory in use before: 89.6 MB.
System memory in use after: 89.7 MB.

Unloading 12 unused Assets to reduce memory usage. Loaded Objects now: 1919.
Total: 7.116800 ms (FindLiveObjects: 0.361100 ms CreateObjectMapping: 0.094100 ms MarkObjects: 6.605600 ms  DeleteObjects: 0.053800 ms)

AssetImportParameters requested are different than current active one (requested -> active):
  custom:framework-win-MediaFoundation: 216162199b28c13a410421893ffa2e32 -> 
  custom:video-decoder-ogg-theora: a1e56fd34408186e4bbccfd4996cb3dc -> 
  custom:container-muxer-webm: aa71ff27fc2769a1b78a27578f13a17b -> 
  custom:container-demuxer-webm: 4f35f7cbe854078d1ac9338744f61a02 -> 
  custom:container-demuxer-ogg: 62fdf1f143b41e24485cea50d1cbac27 -> 
  custom:video-encoder-webm-vp8: eb34c28f22e8b96e1ab97ce403110664 -> 
  custom:video-codec-MediaFoundation-h265: 746d11721c4dcdbdad8f713fa42b33f4 -> 
  custom:video-decoder-webm-vp8: 9c59270c3fd7afecdb556c50c9e8de78 -> 
  custom:audio-decoder-ogg-vorbis: bf7c407c2cedff20999df2af8eb42d56 -> 
  custom:audio-encoder-webm-vorbis: bf7c407c2cedff20999df2af8eb42d56 -> 
========================================================================
Received Import Request.
  Time since last request: 126.963241 seconds.
  path: Assets/Terrain Cave.asset
  artifactKey: Guid(69648eb7df235d549a9d6ea3fe5817aa) Importer(815301076,1909f56bfc062723c751e8b465ee728b)
Start importing Assets/Terrain Cave.asset using Guid(69648eb7df235d549a9d6ea3fe5817aa) Importer(815301076,1909f56bfc062723c751e8b465ee728b)  -> (artifact id: 'f679fde8882f2d30a414734384dedfd7') in 0.121289 seconds 
  Import took 0.127310 seconds .

========================================================================
Received Import Request.
  Time since last request: 0.000666 seconds.
  path: Assets/Terrain Enter.asset
  artifactKey: Guid(fd3d2354fc5f5bb40ac846f683ab0534) Importer(815301076,1909f56bfc062723c751e8b465ee728b)
Start importing Assets/Terrain Enter.asset using Guid(fd3d2354fc5f5bb40ac846f683ab0534) Importer(815301076,1909f56bfc062723c751e8b465ee728b)  -> (artifact id: '77cfe87af0e2278072f1f3df9a206af7') in 0.049890 seconds 
  Import took 0.057705 seconds .

========================================================================
Received Import Request.
  Time since last request: 54.454101 seconds.
  path: Assets/Scripts/ItemDistribution.cs
  artifactKey: Guid(01a760a5d74f0474ab4ffa5ee8fb7d81) Importer(815301076,1909f56bfc062723c751e8b465ee728b)
Start importing Assets/Scripts/ItemDistribution.cs using Guid(01a760a5d74f0474ab4ffa5ee8fb7d81) Importer(815301076,1909f56bfc062723c751e8b465ee728b)  -> (artifact id: 'ce0c29ce4876dcf7c4d75196915f8668') in 0.027476 seconds 
  Import took 0.032625 seconds .

========================================================================
Received Import Request.
  Time since last request: 27.920585 seconds.
  path: Assets/Prefabs/Rock.prefab
  artifactKey: Guid(d431c2c32aadefa44a3aef0fb37cda2b) Importer(815301076,1909f56bfc062723c751e8b465ee728b)
Start importing Assets/Prefabs/Rock.prefab using Guid(d431c2c32aadefa44a3aef0fb37cda2b) Importer(815301076,1909f56bfc062723c751e8b465ee728b)  -> (artifact id: '673289e5744a55b8fe432436b8ecac2e') in 0.120238 seconds 
  Import took 0.126358 seconds .

========================================================================
Received Import Request.
  Time since last request: 7.565136 seconds.
  path: Assets/Prefabs/Bottle.prefab
  artifactKey: Guid(917ef737b66ece249b2c61cfac9a0864) Importer(815301076,1909f56bfc062723c751e8b465ee728b)
Start importing Assets/Prefabs/Bottle.prefab using Guid(917ef737b66ece249b2c61cfac9a0864) Importer(815301076,1909f56bfc062723c751e8b465ee728b)  -> (artifact id: '183a9104e6667e20c33b9756922d2896') in 0.046459 seconds 
  Import took 0.053037 seconds .

========================================================================
Received Import Request.
  Time since last request: 2.553084 seconds.
  path: Assets/Prefabs/Bottle.prefab
  artifactKey: Guid(917ef737b66ece249b2c61cfac9a0864) Importer(815301076,1909f56bfc062723c751e8b465ee728b)
Start importing Assets/Prefabs/Bottle.prefab using Guid(917ef737b66ece249b2c61cfac9a0864) Importer(815301076,1909f56bfc062723c751e8b465ee728b)  -> (artifact id: 'b4cafa5eedda7a6130467b819ac1e825') in 0.026509 seconds 
  Import took 0.034310 seconds .

========================================================================
Received Import Request.
  Time since last request: 2.992916 seconds.
  path: Assets/Prefabs/Bottle.prefab
  artifactKey: Guid(917ef737b66ece249b2c61cfac9a0864) Importer(815301076,1909f56bfc062723c751e8b465ee728b)
Start importing Assets/Prefabs/Bottle.prefab using Guid(917ef737b66ece249b2c61cfac9a0864) Importer(815301076,1909f56bfc062723c751e8b465ee728b)  -> (artifact id: '91d9d1b5c50b7ed0a56b46c3697629df') in 0.024507 seconds 
  Import took 0.031424 seconds .

========================================================================
Received Import Request.
  Time since last request: 2.245121 seconds.
  path: Assets/Prefabs/Bottle.prefab
  artifactKey: Guid(917ef737b66ece249b2c61cfac9a0864) Importer(815301076,1909f56bfc062723c751e8b465ee728b)
Start importing Assets/Prefabs/Bottle.prefab using Guid(917ef737b66ece249b2c61cfac9a0864) Importer(815301076,1909f56bfc062723c751e8b465ee728b)  -> (artifact id: 'da769ab2579d736f0fcd12eaced3d6f7') in 0.024820 seconds 
  Import took 0.030676 seconds .

========================================================================
Received Import Request.
  Time since last request: 0.622280 seconds.
  path: Assets/Prefabs/Bottle.prefab
  artifactKey: Guid(917ef737b66ece249b2c61cfac9a0864) Importer(815301076,1909f56bfc062723c751e8b465ee728b)
Start importing Assets/Prefabs/Bottle.prefab using Guid(917ef737b66ece249b2c61cfac9a0864) Importer(815301076,1909f56bfc062723c751e8b465ee728b)  -> (artifact id: 'dbdacd3bfc52fe8dd2c2d2cebfec4783') in 0.021646 seconds 
  Import took 0.027829 seconds .

========================================================================
Received Import Request.
  Time since last request: 0.002448 seconds.
  path: Assets/Prefabs/Bottle.prefab
  artifactKey: Guid(917ef737b66ece249b2c61cfac9a0864) Importer(815301076,1909f56bfc062723c751e8b465ee728b)
Start importing Assets/Prefabs/Bottle.prefab using Guid(917ef737b66ece249b2c61cfac9a0864) Importer(815301076,1909f56bfc062723c751e8b465ee728b)  -> (artifact id: 'dbdacd3bfc52fe8dd2c2d2cebfec4783') in 0.025741 seconds 
  Import took 0.032424 seconds .

========================================================================
Received Import Request.
  Time since last request: 0.779531 seconds.
  path: Assets/Prefabs/Bottle.prefab
  artifactKey: Guid(917ef737b66ece249b2c61cfac9a0864) Importer(815301076,1909f56bfc062723c751e8b465ee728b)
Start importing Assets/Prefabs/Bottle.prefab using Guid(917ef737b66ece249b2c61cfac9a0864) Importer(815301076,1909f56bfc062723c751e8b465ee728b)  -> (artifact id: '22bd58983ff4bccc53bcbe7eb94cecc7') in 0.028962 seconds 
  Import took 0.036571 seconds .

========================================================================
Received Import Request.
  Time since last request: 1.664844 seconds.
  path: Assets/Prefabs/Bottle.prefab
  artifactKey: Guid(917ef737b66ece249b2c61cfac9a0864) Importer(815301076,1909f56bfc062723c751e8b465ee728b)
Start importing Assets/Prefabs/Bottle.prefab using Guid(917ef737b66ece249b2c61cfac9a0864) Importer(815301076,1909f56bfc062723c751e8b465ee728b)  -> (artifact id: '05e6233ee704d89f9587d01762be0dd7') in 0.030152 seconds 
  Import took 0.038575 seconds .

========================================================================
Received Import Request.
  Time since last request: 1.876771 seconds.
  path: Assets/Prefabs/Bottle.prefab
  artifactKey: Guid(917ef737b66ece249b2c61cfac9a0864) Importer(815301076,1909f56bfc062723c751e8b465ee728b)
Start importing Assets/Prefabs/Bottle.prefab using Guid(917ef737b66ece249b2c61cfac9a0864) Importer(815301076,1909f56bfc062723c751e8b465ee728b)  -> (artifact id: 'daa34b4cec1b671172cfdc9dec6a524a') in 0.038329 seconds 
  Import took 0.045674 seconds .

========================================================================
Received Import Request.
  Time since last request: 0.001597 seconds.
  path: Assets/Prefabs/Bottle.prefab
  artifactKey: Guid(917ef737b66ece249b2c61cfac9a0864) Importer(815301076,1909f56bfc062723c751e8b465ee728b)
Start importing Assets/Prefabs/Bottle.prefab using Guid(917ef737b66ece249b2c61cfac9a0864) Importer(815301076,1909f56bfc062723c751e8b465ee728b)  -> (artifact id: 'daa34b4cec1b671172cfdc9dec6a524a') in 0.040274 seconds 
  Import took 0.048669 seconds .

========================================================================
Received Prepare
Registering precompiled user dll's ...
Registered in 0.006705 seconds.
Begin MonoManager ReloadAssembly
Native extension for WindowsStandalone target not found
Native extension for OSXStandalone target not found
Native extension for WebGL target not found
Refreshing native plugins compatible for Editor in 0.82 ms, found 2 plugins.
Preloading 0 native plugins for Editor in 0.00 ms.
Mono: successfully reloaded assembly
- Completed reload, in  2.327 seconds
Domain Reload Profiling:
	ReloadAssembly (2329ms)
		BeginReloadAssembly (260ms)
			ExecutionOrderSort (0ms)
			DisableScriptedObjects (13ms)
			BackupInstance (0ms)
			ReleaseScriptingObjects (0ms)
			CreateAndSetChildDomain (73ms)
		EndReloadAssembly (1913ms)
			LoadAssemblies (232ms)
			RebuildTransferFunctionScriptingTraits (0ms)
			SetupTypeCache (636ms)
			ReleaseScriptCaches (2ms)
			RebuildScriptCaches (99ms)
			SetupLoadedEditorAssemblies (722ms)
				LogAssemblyErrors (0ms)
				InitializePlatformSupportModulesInManaged (17ms)
				SetLoadedEditorAssemblies (1ms)
				RefreshPlugins (1ms)
				BeforeProcessingInitializeOnLoad (122ms)
				ProcessInitializeOnLoadAttributes (552ms)
				ProcessInitializeOnLoadMethodAttributes (12ms)
				AfterProcessingInitializeOnLoad (16ms)
				EditorAssembliesLoaded (1ms)
			ExecutionOrderSort2 (0ms)
			AwakeInstancesAfterBackupRestoration (21ms)
Platform modules already initialized, skipping
Refreshing native plugins compatible for Editor in 0.62 ms, found 2 plugins.
Preloading 0 native plugins for Editor in 0.00 ms.
Unloading 1399 Unused Serialized files (Serialized files now loaded: 0)
System memory in use before: 89.7 MB.
System memory in use after: 89.8 MB.

Unloading 11 unused Assets to reduce memory usage. Loaded Objects now: 1922.
Total: 5.300000 ms (FindLiveObjects: 0.308300 ms CreateObjectMapping: 0.084700 ms MarkObjects: 4.878000 ms  DeleteObjects: 0.027300 ms)

AssetImportParameters requested are different than current active one (requested -> active):
  custom:framework-win-MediaFoundation: 216162199b28c13a410421893ffa2e32 -> 
  custom:video-decoder-ogg-theora: a1e56fd34408186e4bbccfd4996cb3dc -> 
  custom:container-muxer-webm: aa71ff27fc2769a1b78a27578f13a17b -> 
  custom:container-demuxer-webm: 4f35f7cbe854078d1ac9338744f61a02 -> 
  custom:container-demuxer-ogg: 62fdf1f143b41e24485cea50d1cbac27 -> 
  custom:video-encoder-webm-vp8: eb34c28f22e8b96e1ab97ce403110664 -> 
  custom:video-codec-MediaFoundation-h265: 746d11721c4dcdbdad8f713fa42b33f4 -> 
  custom:video-decoder-webm-vp8: 9c59270c3fd7afecdb556c50c9e8de78 -> 
  custom:audio-decoder-ogg-vorbis: bf7c407c2cedff20999df2af8eb42d56 -> 
  custom:audio-encoder-webm-vorbis: bf7c407c2cedff20999df2af8eb42d56 -> 
========================================================================
Received Prepare
Registering precompiled user dll's ...
Registered in 0.008410 seconds.
Begin MonoManager ReloadAssembly
Native extension for WindowsStandalone target not found
Native extension for OSXStandalone target not found
Native extension for WebGL target not found
Refreshing native plugins compatible for Editor in 0.98 ms, found 2 plugins.
Preloading 0 native plugins for Editor in 0.00 ms.
Mono: successfully reloaded assembly
- Completed reload, in  2.615 seconds
Domain Reload Profiling:
	ReloadAssembly (2617ms)
		BeginReloadAssembly (279ms)
			ExecutionOrderSort (0ms)
			DisableScriptedObjects (12ms)
			BackupInstance (0ms)
			ReleaseScriptingObjects (0ms)
			CreateAndSetChildDomain (83ms)
		EndReloadAssembly (2152ms)
			LoadAssemblies (246ms)
			RebuildTransferFunctionScriptingTraits (0ms)
			SetupTypeCache (746ms)
			ReleaseScriptCaches (1ms)
			RebuildScriptCaches (109ms)
			SetupLoadedEditorAssemblies (773ms)
				LogAssemblyErrors (0ms)
				InitializePlatformSupportModulesInManaged (19ms)
				SetLoadedEditorAssemblies (1ms)
				RefreshPlugins (1ms)
				BeforeProcessingInitializeOnLoad (132ms)
				ProcessInitializeOnLoadAttributes (591ms)
				ProcessInitializeOnLoadMethodAttributes (10ms)
				AfterProcessingInitializeOnLoad (18ms)
				EditorAssembliesLoaded (1ms)
			ExecutionOrderSort2 (0ms)
			AwakeInstancesAfterBackupRestoration (22ms)
Platform modules already initialized, skipping
Refreshing native plugins compatible for Editor in 0.47 ms, found 2 plugins.
Preloading 0 native plugins for Editor in 0.00 ms.
Unloading 1399 Unused Serialized files (Serialized files now loaded: 0)
System memory in use before: 89.7 MB.
System memory in use after: 89.8 MB.

Unloading 11 unused Assets to reduce memory usage. Loaded Objects now: 1924.
Total: 5.760500 ms (FindLiveObjects: 0.222300 ms CreateObjectMapping: 0.068600 ms MarkObjects: 5.432800 ms  DeleteObjects: 0.033300 ms)

AssetImportParameters requested are different than current active one (requested -> active):
  custom:framework-win-MediaFoundation: 216162199b28c13a410421893ffa2e32 -> 
  custom:video-decoder-ogg-theora: a1e56fd34408186e4bbccfd4996cb3dc -> 
  custom:container-muxer-webm: aa71ff27fc2769a1b78a27578f13a17b -> 
  custom:container-demuxer-webm: 4f35f7cbe854078d1ac9338744f61a02 -> 
  custom:container-demuxer-ogg: 62fdf1f143b41e24485cea50d1cbac27 -> 
  custom:video-encoder-webm-vp8: eb34c28f22e8b96e1ab97ce403110664 -> 
  custom:video-codec-MediaFoundation-h265: 746d11721c4dcdbdad8f713fa42b33f4 -> 
  custom:video-decoder-webm-vp8: 9c59270c3fd7afecdb556c50c9e8de78 -> 
  custom:audio-decoder-ogg-vorbis: bf7c407c2cedff20999df2af8eb42d56 -> 
  custom:audio-encoder-webm-vorbis: bf7c407c2cedff20999df2af8eb42d56 -> 
========================================================================
Received Import Request.
  Time since last request: 655.334038 seconds.
  path: Assets/Terrain Cave.asset
  artifactKey: Guid(69648eb7df235d549a9d6ea3fe5817aa) Importer(815301076,1909f56bfc062723c751e8b465ee728b)
Start importing Assets/Terrain Cave.asset using Guid(69648eb7df235d549a9d6ea3fe5817aa) Importer(815301076,1909f56bfc062723c751e8b465ee728b)  -> (artifact id: '98a937f05bdd21abc2a00fcaaf9df8e0') in 0.113877 seconds 
  Import took 0.120975 seconds .

========================================================================
Received Import Request.
  Time since last request: 0.000627 seconds.
  path: Assets/Terrain Enter.asset
  artifactKey: Guid(fd3d2354fc5f5bb40ac846f683ab0534) Importer(815301076,1909f56bfc062723c751e8b465ee728b)
Start importing Assets/Terrain Enter.asset using Guid(fd3d2354fc5f5bb40ac846f683ab0534) Importer(815301076,1909f56bfc062723c751e8b465ee728b)  -> (artifact id: 'e546445c4202e7d6ddbb79d073f513e5') in 0.037330 seconds 
  Import took 0.042814 seconds .

========================================================================
Received Prepare
Registering precompiled user dll's ...
Registered in 0.008136 seconds.
Begin MonoManager ReloadAssembly
Native extension for WindowsStandalone target not found
Native extension for OSXStandalone target not found
Native extension for WebGL target not found
Refreshing native plugins compatible for Editor in 0.49 ms, found 2 plugins.
Preloading 0 native plugins for Editor in 0.00 ms.
Mono: successfully reloaded assembly
- Completed reload, in  2.048 seconds
Domain Reload Profiling:
	ReloadAssembly (2049ms)
		BeginReloadAssembly (238ms)
			ExecutionOrderSort (0ms)
			DisableScriptedObjects (10ms)
			BackupInstance (0ms)
			ReleaseScriptingObjects (0ms)
			CreateAndSetChildDomain (83ms)
		EndReloadAssembly (1672ms)
			LoadAssemblies (189ms)
			RebuildTransferFunctionScriptingTraits (0ms)
			SetupTypeCache (535ms)
			ReleaseScriptCaches (1ms)
			RebuildScriptCaches (81ms)
			SetupLoadedEditorAssemblies (669ms)
				LogAssemblyErrors (0ms)
				InitializePlatformSupportModulesInManaged (14ms)
				SetLoadedEditorAssemblies (1ms)
				RefreshPlugins (1ms)
				BeforeProcessingInitializeOnLoad (102ms)
				ProcessInitializeOnLoadAttributes (526ms)
				ProcessInitializeOnLoadMethodAttributes (9ms)
				AfterProcessingInitializeOnLoad (16ms)
				EditorAssembliesLoaded (1ms)
			ExecutionOrderSort2 (0ms)
			AwakeInstancesAfterBackupRestoration (18ms)
Platform modules already initialized, skipping
Refreshing native plugins compatible for Editor in 1.10 ms, found 2 plugins.
Preloading 0 native plugins for Editor in 0.00 ms.
Unloading 1399 Unused Serialized files (Serialized files now loaded: 0)
System memory in use before: 89.7 MB.
System memory in use after: 89.8 MB.

Unloading 11 unused Assets to reduce memory usage. Loaded Objects now: 1926.
Total: 6.145700 ms (FindLiveObjects: 0.266100 ms CreateObjectMapping: 0.123200 ms MarkObjects: 5.715300 ms  DeleteObjects: 0.039000 ms)

AssetImportParameters requested are different than current active one (requested -> active):
  custom:framework-win-MediaFoundation: 216162199b28c13a410421893ffa2e32 -> 
  custom:video-decoder-ogg-theora: a1e56fd34408186e4bbccfd4996cb3dc -> 
  custom:container-muxer-webm: aa71ff27fc2769a1b78a27578f13a17b -> 
  custom:container-demuxer-webm: 4f35f7cbe854078d1ac9338744f61a02 -> 
  custom:container-demuxer-ogg: 62fdf1f143b41e24485cea50d1cbac27 -> 
  custom:video-encoder-webm-vp8: eb34c28f22e8b96e1ab97ce403110664 -> 
  custom:video-codec-MediaFoundation-h265: 746d11721c4dcdbdad8f713fa42b33f4 -> 
  custom:video-decoder-webm-vp8: 9c59270c3fd7afecdb556c50c9e8de78 -> 
  custom:audio-decoder-ogg-vorbis: bf7c407c2cedff20999df2af8eb42d56 -> 
  custom:audio-encoder-webm-vorbis: bf7c407c2cedff20999df2af8eb42d56 -> 
AssetImportWorkerClient::OnTransportError - code=2 error=End of file
