Using pre-set license
Built from '2020.3/staging' branch; Version is '2020.3.18f1 (a7d1c678663c) revision 10998214'; Using compiler version '192528614'; Build Type 'Release'
OS: 'Windows 10 Home; OS build 19045.2965; Version 2009; 64bit' Language: 'en' Physical Memory: 16138 MB
BatchMode: 1, IsHumanControllingUs: 0, StartBugReporterOnCrash: 0, Is64bit: 1, IsPro: 0

COMMAND LINE ARGUMENTS:
C:\Program Files\Unity\Hub\Editor\2020.3.18f1\Editor\Unity.exe
-adb2
-batchMode
-noUpm
-name
AssetImportWorker0
-projectPath
C:/Users/Jimmy/Downloads/Gamers Unite/_School/GDW F2021/Finale/Imbroglio
-logFile
Logs/AssetImportWorker0.log
-srvPort
54871
Successfully changed project path to: C:/Users/Jimmy/Downloads/Gamers Unite/_School/GDW F2021/Finale/Imbroglio
C:/Users/Jimmy/Downloads/Gamers Unite/_School/GDW F2021/Finale/Imbroglio
Using Asset Import Pipeline V2.
Refreshing native plugins compatible for Editor in 61.32 ms, found 2 plugins.
Preloading 0 native plugins for Editor in 0.00 ms.
Initialize engine version: 2020.3.18f1 (a7d1c678663c)
[Subsystems] Discovering subsystems at path C:/Program Files/Unity/Hub/Editor/2020.3.18f1/Editor/Data/Resources/UnitySubsystems
[Subsystems] Discovering subsystems at path C:/Users/Jimmy/Downloads/Gamers Unite/_School/GDW F2021/Finale/Imbroglio/Assets
GfxDevice: creating device client; threaded=0
Direct3D:
    Version:  Direct3D 11.0 [level 11.1]
    Renderer: Intel(R) Iris(R) Plus Graphics (ID=0x8a52)
    Vendor:   
    VRAM:     8069 MB
    Driver:   27.20.100.9664
Initialize mono
Mono path[0] = 'C:/Program Files/Unity/Hub/Editor/2020.3.18f1/Editor/Data/Managed'
Mono path[1] = 'C:/Program Files/Unity/Hub/Editor/2020.3.18f1/Editor/Data/MonoBleedingEdge/lib/mono/unityjit'
Mono config path = 'C:/Program Files/Unity/Hub/Editor/2020.3.18f1/Editor/Data/MonoBleedingEdge/etc'
Using monoOptions --debugger-agent=transport=dt_socket,embedding=1,server=y,suspend=n,address=127.0.0.1:56724
Begin MonoManager ReloadAssembly
Registering precompiled unity dll's ...
Register platform support module: C:/Program Files/Unity/Hub/Editor/2020.3.18f1/Editor/Data/PlaybackEngines/WebGLSupport/UnityEditor.WebGL.Extensions.dll
Register platform support module: C:/Program Files/Unity/Hub/Editor/2020.3.18f1/Editor/Data/PlaybackEngines/MacStandaloneSupport/UnityEditor.OSXStandalone.Extensions.dll
Register platform support module: C:/Program Files/Unity/Hub/Editor/2020.3.18f1/Editor/Data/PlaybackEngines/WindowsStandaloneSupport/UnityEditor.WindowsStandalone.Extensions.dll
Registered in 0.005623 seconds.
Native extension for WindowsStandalone target not found
Native extension for OSXStandalone target not found
Native extension for WebGL target not found
Refreshing native plugins compatible for Editor in 52.43 ms, found 2 plugins.
Preloading 0 native plugins for Editor in 0.00 ms.
Mono: successfully reloaded assembly
- Completed reload, in  3.335 seconds
Domain Reload Profiling:
	ReloadAssembly (3336ms)
		BeginReloadAssembly (99ms)
			ExecutionOrderSort (0ms)
			DisableScriptedObjects (0ms)
			BackupInstance (0ms)
			ReleaseScriptingObjects (0ms)
			CreateAndSetChildDomain (1ms)
		EndReloadAssembly (651ms)
			LoadAssemblies (97ms)
			RebuildTransferFunctionScriptingTraits (0ms)
			SetupTypeCache (213ms)
			ReleaseScriptCaches (0ms)
			RebuildScriptCaches (32ms)
			SetupLoadedEditorAssemblies (298ms)
				LogAssemblyErrors (0ms)
				InitializePlatformSupportModulesInManaged (6ms)
				SetLoadedEditorAssemblies (0ms)
				RefreshPlugins (53ms)
				BeforeProcessingInitializeOnLoad (25ms)
				ProcessInitializeOnLoadAttributes (149ms)
				ProcessInitializeOnLoadMethodAttributes (64ms)
				AfterProcessingInitializeOnLoad (0ms)
				EditorAssembliesLoaded (0ms)
			ExecutionOrderSort2 (0ms)
			AwakeInstancesAfterBackupRestoration (0ms)
Platform modules already initialized, skipping
Registering precompiled user dll's ...
Registered in 0.005486 seconds.
Begin MonoManager ReloadAssembly
Native extension for WindowsStandalone target not found
Native extension for OSXStandalone target not found
Native extension for WebGL target not found
Refreshing native plugins compatible for Editor in 0.43 ms, found 2 plugins.
Preloading 0 native plugins for Editor in 0.00 ms.
Mono: successfully reloaded assembly
- Completed reload, in  1.684 seconds
Domain Reload Profiling:
	ReloadAssembly (1686ms)
		BeginReloadAssembly (268ms)
			ExecutionOrderSort (0ms)
			DisableScriptedObjects (9ms)
			BackupInstance (0ms)
			ReleaseScriptingObjects (0ms)
			CreateAndSetChildDomain (31ms)
		EndReloadAssembly (1304ms)
			LoadAssemblies (165ms)
			RebuildTransferFunctionScriptingTraits (0ms)
			SetupTypeCache (403ms)
			ReleaseScriptCaches (0ms)
			RebuildScriptCaches (91ms)
			SetupLoadedEditorAssemblies (471ms)
				LogAssemblyErrors (0ms)
				InitializePlatformSupportModulesInManaged (12ms)
				SetLoadedEditorAssemblies (1ms)
				RefreshPlugins (0ms)
				BeforeProcessingInitializeOnLoad (112ms)
				ProcessInitializeOnLoadAttributes (337ms)
				ProcessInitializeOnLoadMethodAttributes (4ms)
				AfterProcessingInitializeOnLoad (5ms)
				EditorAssembliesLoaded (0ms)
			ExecutionOrderSort2 (0ms)
			AwakeInstancesAfterBackupRestoration (13ms)
Platform modules already initialized, skipping
========================================================================
Worker process is ready to serve import requests
Launched and connected shader compiler UnityShaderCompiler.exe after 0.07 seconds
Refreshing native plugins compatible for Editor in 0.33 ms, found 2 plugins.
Preloading 0 native plugins for Editor in 0.00 ms.
Unloading 1420 Unused Serialized files (Serialized files now loaded: 0)
System memory in use before: 93.6 MB.
System memory in use after: 93.7 MB.

Unloading 15 unused Assets to reduce memory usage. Loaded Objects now: 1898.
Total: 3.200900 ms (FindLiveObjects: 0.115100 ms CreateObjectMapping: 0.037300 ms MarkObjects: 2.996100 ms  DeleteObjects: 0.050900 ms)

AssetImportParameters requested are different than current active one (requested -> active):
  custom:framework-win-MediaFoundation: 216162199b28c13a410421893ffa2e32 -> 
  custom:video-decoder-ogg-theora: a1e56fd34408186e4bbccfd4996cb3dc -> 
  custom:container-muxer-webm: aa71ff27fc2769a1b78a27578f13a17b -> 
  custom:container-demuxer-webm: 4f35f7cbe854078d1ac9338744f61a02 -> 
  custom:container-demuxer-ogg: 62fdf1f143b41e24485cea50d1cbac27 -> 
  custom:video-encoder-webm-vp8: eb34c28f22e8b96e1ab97ce403110664 -> 
  custom:video-codec-MediaFoundation-h265: 746d11721c4dcdbdad8f713fa42b33f4 -> 
  custom:video-decoder-webm-vp8: 9c59270c3fd7afecdb556c50c9e8de78 -> 
  custom:audio-decoder-ogg-vorbis: bf7c407c2cedff20999df2af8eb42d56 -> 
  custom:audio-encoder-webm-vorbis: bf7c407c2cedff20999df2af8eb42d56 -> 
========================================================================
Received Import Request.
  path: Assets/Models/Road.fbx
  artifactKey: Guid(39ada04996a20924f820612252cd53e2) Importer(815301076,1909f56bfc062723c751e8b465ee728b)
Start importing Assets/Models/Road.fbx using Guid(39ada04996a20924f820612252cd53e2) Importer(815301076,1909f56bfc062723c751e8b465ee728b)  -> (artifact id: 'eb4ebf4989ff5a89ca9314dca1eb7619') in 0.471368 seconds 
  Import took 0.477304 seconds .

========================================================================
Received Import Request.
  Time since last request: 0.000658 seconds.
  path: Assets/Models/Tree.fbx
  artifactKey: Guid(4fbdaf0c68aeaf240b6b85e3a5a35463) Importer(815301076,1909f56bfc062723c751e8b465ee728b)
Start importing Assets/Models/Tree.fbx using Guid(4fbdaf0c68aeaf240b6b85e3a5a35463) Importer(815301076,1909f56bfc062723c751e8b465ee728b)  -> (artifact id: 'b9d43fbeeb3a12cc27eef7760012e2b5') in 0.162912 seconds 
  Import took 0.167494 seconds .

========================================================================
Received Import Request.
  Time since last request: 0.000372 seconds.
  path: Assets/Models/RoadEnd.fbx
  artifactKey: Guid(660d7c6d86131a847b9885d21a83e4f1) Importer(815301076,1909f56bfc062723c751e8b465ee728b)
Start importing Assets/Models/RoadEnd.fbx using Guid(660d7c6d86131a847b9885d21a83e4f1) Importer(815301076,1909f56bfc062723c751e8b465ee728b)  -> (artifact id: 'ae71c1994f1f09805e9c1610bb1a0213') in 0.060033 seconds 
  Import took 0.065370 seconds .

========================================================================
Received Import Request.
  Time since last request: 42.687187 seconds.
  path: Assets/Models/Tree.fbx
  artifactKey: Guid(4fbdaf0c68aeaf240b6b85e3a5a35463) Importer(815301076,1909f56bfc062723c751e8b465ee728b)
Start importing Assets/Models/Tree.fbx using Guid(4fbdaf0c68aeaf240b6b85e3a5a35463) Importer(815301076,1909f56bfc062723c751e8b465ee728b)  -> (artifact id: '4aaa2ab8904c164f514458597bbacd12') in 0.237620 seconds 
  Import took 0.245766 seconds .

========================================================================
Received Import Request.
  Time since last request: 24.510911 seconds.
  path: Assets/Models/Pickaxe.fbx
  artifactKey: Guid(4f3a1f87c4b23fa4b8ea8d567d6c892e) Importer(815301076,1909f56bfc062723c751e8b465ee728b)
Start importing Assets/Models/Pickaxe.fbx using Guid(4f3a1f87c4b23fa4b8ea8d567d6c892e) Importer(815301076,1909f56bfc062723c751e8b465ee728b)  -> (artifact id: 'e32df6776e65683d5bdd5cfadc3847b3') in 0.041775 seconds 
  Import took 0.046249 seconds .

========================================================================
Received Import Request.
  Time since last request: 0.003845 seconds.
  path: Assets/Models/Pickaxe.fbx
  artifactKey: Guid(4f3a1f87c4b23fa4b8ea8d567d6c892e) Importer(815301076,1909f56bfc062723c751e8b465ee728b)
Start importing Assets/Models/Pickaxe.fbx using Guid(4f3a1f87c4b23fa4b8ea8d567d6c892e) Importer(815301076,1909f56bfc062723c751e8b465ee728b)  -> (artifact id: 'e32df6776e65683d5bdd5cfadc3847b3') in 0.032759 seconds 
  Import took 0.038780 seconds .

========================================================================
Received Import Request.
  Time since last request: 0.003394 seconds.
  path: Assets/Models/Crate.fbx
  artifactKey: Guid(1ed3f35830d46754e9e49e5b36c30b92) Importer(815301076,1909f56bfc062723c751e8b465ee728b)
Start importing Assets/Models/Crate.fbx using Guid(1ed3f35830d46754e9e49e5b36c30b92) Importer(815301076,1909f56bfc062723c751e8b465ee728b)  -> (artifact id: 'a163956fd0d3cee534193f1d9ee6201b') in 0.037504 seconds 
  Import took 0.042293 seconds .

========================================================================
Received Import Request.
  Time since last request: 27.027877 seconds.
  path: Assets/Models/Pickaxe.fbx
  artifactKey: Guid(4f3a1f87c4b23fa4b8ea8d567d6c892e) Importer(815301076,1909f56bfc062723c751e8b465ee728b)
Start importing Assets/Models/Pickaxe.fbx using Guid(4f3a1f87c4b23fa4b8ea8d567d6c892e) Importer(815301076,1909f56bfc062723c751e8b465ee728b)  -> (artifact id: 'ff45cabb078d31b5ac122d1c2601511d') in 0.087566 seconds 
  Import took 0.094133 seconds .

========================================================================
Received Import Request.
  Time since last request: 0.000437 seconds.
  path: Assets/Models/Crate.fbx
  artifactKey: Guid(1ed3f35830d46754e9e49e5b36c30b92) Importer(815301076,1909f56bfc062723c751e8b465ee728b)
Start importing Assets/Models/Crate.fbx using Guid(1ed3f35830d46754e9e49e5b36c30b92) Importer(815301076,1909f56bfc062723c751e8b465ee728b)  -> (artifact id: '543e8264d3f94162c01681ad6221c76b') in 0.047788 seconds 
  Import took 0.052296 seconds .

========================================================================
Received Import Request.
  Time since last request: 15.751441 seconds.
  path: Assets/Textures/Crate
  artifactKey: Guid(593bfca9f2cca784a980169d00935a87) Importer(815301076,1909f56bfc062723c751e8b465ee728b)
Start importing Assets/Textures/Crate using Guid(593bfca9f2cca784a980169d00935a87) Importer(815301076,1909f56bfc062723c751e8b465ee728b)  -> (artifact id: '9c8d1b2e80298ecfef2f7920d53866ed') in 0.004243 seconds 
  Import took 0.008615 seconds .

========================================================================
Received Import Request.
  Time since last request: 7.709829 seconds.
  path: Assets/Textures/Crate/Crate_Roughness.png
  artifactKey: Guid(9ae00604ac1f3044fb6ac9c0a916c997) Importer(815301076,1909f56bfc062723c751e8b465ee728b)
Start importing Assets/Textures/Crate/Crate_Roughness.png using Guid(9ae00604ac1f3044fb6ac9c0a916c997) Importer(815301076,1909f56bfc062723c751e8b465ee728b)  -> (artifact id: '291088dae76570f95f15ecf20a4fa9db') in 0.060796 seconds 
  Import took 0.065096 seconds .

========================================================================
Received Import Request.
  Time since last request: 0.010839 seconds.
  path: Assets/Textures/Crate/Crate_Albedo.png
  artifactKey: Guid(b97441ba18166574bb25c486062acfc2) Importer(815301076,1909f56bfc062723c751e8b465ee728b)
Start importing Assets/Textures/Crate/Crate_Albedo.png using Guid(b97441ba18166574bb25c486062acfc2) Importer(815301076,1909f56bfc062723c751e8b465ee728b)  -> (artifact id: 'cfa62cdfe59d3065ee9ad8c28b362077') in 0.020482 seconds 
  Import took 0.025383 seconds .

========================================================================
Received Import Request.
  Time since last request: 0.000410 seconds.
  path: Assets/Textures/Crate/Crate_Normal.png
  artifactKey: Guid(fae7f0ac9e4ff6d4ba741d37567c5a1e) Importer(815301076,1909f56bfc062723c751e8b465ee728b)
Start importing Assets/Textures/Crate/Crate_Normal.png using Guid(fae7f0ac9e4ff6d4ba741d37567c5a1e) Importer(815301076,1909f56bfc062723c751e8b465ee728b)  -> (artifact id: 'c3a2acc7591a2f283bd9ae1acfc988c4') in 0.039936 seconds 
  Import took 0.044157 seconds .

========================================================================
Received Import Request.
  Time since last request: 0.000351 seconds.
  path: Assets/Textures/Crate/Crate_AO.png
  artifactKey: Guid(484265dbb299b6f45a4a7664760f3be4) Importer(815301076,1909f56bfc062723c751e8b465ee728b)
Start importing Assets/Textures/Crate/Crate_AO.png using Guid(484265dbb299b6f45a4a7664760f3be4) Importer(815301076,1909f56bfc062723c751e8b465ee728b)  -> (artifact id: 'ac61515c69bde3b43f314bf08ca6beed') in 0.034874 seconds 
  Import took 0.039235 seconds .

========================================================================
Received Import Request.
  Time since last request: 0.000328 seconds.
  path: Assets/Textures/Crate/Crate_Height.png
  artifactKey: Guid(5cc9bc26a5fa2f7438e1bb041118bf26) Importer(815301076,1909f56bfc062723c751e8b465ee728b)
Start importing Assets/Textures/Crate/Crate_Height.png using Guid(5cc9bc26a5fa2f7438e1bb041118bf26) Importer(815301076,1909f56bfc062723c751e8b465ee728b)  -> (artifact id: '38812df02e32e87cad110dba0ff524c7') in 0.028815 seconds 
  Import took 0.037202 seconds .

========================================================================
Received Import Request.
  Time since last request: 13.356234 seconds.
  path: Assets/Textures/Crate/Crate_Height.png
  artifactKey: Guid(5cc9bc26a5fa2f7438e1bb041118bf26) Importer(815301076,1909f56bfc062723c751e8b465ee728b)
Start importing Assets/Textures/Crate/Crate_Height.png using Guid(5cc9bc26a5fa2f7438e1bb041118bf26) Importer(815301076,1909f56bfc062723c751e8b465ee728b)  -> (artifact id: '7992cd2bb3a7feec77112fa9adca38c0') in 0.022507 seconds 
  Import took 0.028113 seconds .

========================================================================
Received Import Request.
  Time since last request: 0.003215 seconds.
  path: Assets/Textures/Crate/Crate_Albedo.png
  artifactKey: Guid(b97441ba18166574bb25c486062acfc2) Importer(815301076,1909f56bfc062723c751e8b465ee728b)
Start importing Assets/Textures/Crate/Crate_Albedo.png using Guid(b97441ba18166574bb25c486062acfc2) Importer(815301076,1909f56bfc062723c751e8b465ee728b)  -> (artifact id: 'c70ae1a5f00a28d85ef6651141d1e7f9') in 0.021963 seconds 
  Import took 0.027899 seconds .

========================================================================
Received Import Request.
  Time since last request: 0.000247 seconds.
  path: Assets/Textures/Crate/Crate_Normal.png
  artifactKey: Guid(fae7f0ac9e4ff6d4ba741d37567c5a1e) Importer(815301076,1909f56bfc062723c751e8b465ee728b)
Start importing Assets/Textures/Crate/Crate_Normal.png using Guid(fae7f0ac9e4ff6d4ba741d37567c5a1e) Importer(815301076,1909f56bfc062723c751e8b465ee728b)  -> (artifact id: 'bec05e84600dc22b304532ec75e65512') in 0.031062 seconds 
  Import took 0.037632 seconds .

========================================================================
Received Import Request.
  Time since last request: 0.000416 seconds.
  path: Assets/Textures/Crate/Crate_AO.png
  artifactKey: Guid(484265dbb299b6f45a4a7664760f3be4) Importer(815301076,1909f56bfc062723c751e8b465ee728b)
Start importing Assets/Textures/Crate/Crate_AO.png using Guid(484265dbb299b6f45a4a7664760f3be4) Importer(815301076,1909f56bfc062723c751e8b465ee728b)  -> (artifact id: 'df6a6aff030005597dac53fcf7d1f7d5') in 0.031604 seconds 
  Import took 0.037438 seconds .

========================================================================
Received Import Request.
  Time since last request: 0.000481 seconds.
  path: Assets/Textures/Crate/Crate_Roughness.png
  artifactKey: Guid(9ae00604ac1f3044fb6ac9c0a916c997) Importer(815301076,1909f56bfc062723c751e8b465ee728b)
Start importing Assets/Textures/Crate/Crate_Roughness.png using Guid(9ae00604ac1f3044fb6ac9c0a916c997) Importer(815301076,1909f56bfc062723c751e8b465ee728b)  -> (artifact id: '063e9269187889642d371e274400969d') in 0.033679 seconds 
  Import took 0.038080 seconds .

========================================================================
Received Import Request.
  Time since last request: 4.451747 seconds.
  path: Assets/Textures/Crate/Crate_Normal.png
  artifactKey: Guid(fae7f0ac9e4ff6d4ba741d37567c5a1e) Importer(815301076,1909f56bfc062723c751e8b465ee728b)
Start importing Assets/Textures/Crate/Crate_Normal.png using Guid(fae7f0ac9e4ff6d4ba741d37567c5a1e) Importer(815301076,1909f56bfc062723c751e8b465ee728b)  -> (artifact id: '9d70b41b6ff0f06d36858373ecd0c706') in 0.035165 seconds 
  Import took 0.039424 seconds .

========================================================================
Received Import Request.
  Time since last request: 18.696103 seconds.
  path: Assets/Materials/Crate.mat
  artifactKey: Guid(d1369795714e87a46b56aa2bbef2e15e) Importer(815301076,1909f56bfc062723c751e8b465ee728b)
Start importing Assets/Materials/Crate.mat using Guid(d1369795714e87a46b56aa2bbef2e15e) Importer(815301076,1909f56bfc062723c751e8b465ee728b)  -> (artifact id: '51a80c47df0a75ea6e573724d8cbe775') in 0.024834 seconds 
  Import took 0.028895 seconds .

========================================================================
Received Import Request.
  Time since last request: 4.956775 seconds.
  path: Assets/Textures/Camp/Ashes_Emissive.png
  artifactKey: Guid(c4e0cd63fb56ea74db62b5ec357e06fc) Importer(815301076,1909f56bfc062723c751e8b465ee728b)
Start importing Assets/Textures/Camp/Ashes_Emissive.png using Guid(c4e0cd63fb56ea74db62b5ec357e06fc) Importer(815301076,1909f56bfc062723c751e8b465ee728b)  -> (artifact id: '4c14ea3dfe5a847a1f169526cd3cd1e3') in 0.018047 seconds 
  Import took 0.022424 seconds .

========================================================================
Received Import Request.
  Time since last request: 0.008358 seconds.
  path: Assets/Textures/Camp/Ashes_Emissive.png
  artifactKey: Guid(c4e0cd63fb56ea74db62b5ec357e06fc) Importer(815301076,1909f56bfc062723c751e8b465ee728b)
Start importing Assets/Textures/Camp/Ashes_Emissive.png using Guid(c4e0cd63fb56ea74db62b5ec357e06fc) Importer(815301076,1909f56bfc062723c751e8b465ee728b)  -> (artifact id: '4c14ea3dfe5a847a1f169526cd3cd1e3') in 0.021326 seconds 
  Import took 0.025590 seconds .

========================================================================
Received Prepare
Registering precompiled user dll's ...
Registered in 0.002412 seconds.
Begin MonoManager ReloadAssembly
Native extension for WindowsStandalone target not found
Native extension for OSXStandalone target not found
Native extension for WebGL target not found
Refreshing native plugins compatible for Editor in 0.59 ms, found 2 plugins.
Preloading 0 native plugins for Editor in 0.00 ms.
Mono: successfully reloaded assembly
- Completed reload, in  1.609 seconds
Domain Reload Profiling:
	ReloadAssembly (1610ms)
		BeginReloadAssembly (188ms)
			ExecutionOrderSort (0ms)
			DisableScriptedObjects (9ms)
			BackupInstance (0ms)
			ReleaseScriptingObjects (0ms)
			CreateAndSetChildDomain (66ms)
		EndReloadAssembly (1321ms)
			LoadAssemblies (114ms)
			RebuildTransferFunctionScriptingTraits (0ms)
			SetupTypeCache (525ms)
			ReleaseScriptCaches (1ms)
			RebuildScriptCaches (76ms)
			SetupLoadedEditorAssemblies (461ms)
				LogAssemblyErrors (0ms)
				InitializePlatformSupportModulesInManaged (15ms)
				SetLoadedEditorAssemblies (1ms)
				RefreshPlugins (1ms)
				BeforeProcessingInitializeOnLoad (87ms)
				ProcessInitializeOnLoadAttributes (342ms)
				ProcessInitializeOnLoadMethodAttributes (8ms)
				AfterProcessingInitializeOnLoad (7ms)
				EditorAssembliesLoaded (0ms)
			ExecutionOrderSort2 (0ms)
			AwakeInstancesAfterBackupRestoration (7ms)
Platform modules already initialized, skipping
Refreshing native plugins compatible for Editor in 0.33 ms, found 2 plugins.
Preloading 0 native plugins for Editor in 0.00 ms.
Unloading 1401 Unused Serialized files (Serialized files now loaded: 0)
System memory in use before: 95.7 MB.
System memory in use after: 95.8 MB.

Unloading 12 unused Assets to reduce memory usage. Loaded Objects now: 1946.
Total: 6.228500 ms (FindLiveObjects: 0.236900 ms CreateObjectMapping: 0.080600 ms MarkObjects: 5.861100 ms  DeleteObjects: 0.047500 ms)

AssetImportParameters requested are different than current active one (requested -> active):
  custom:framework-win-MediaFoundation: 216162199b28c13a410421893ffa2e32 -> 
  custom:video-decoder-ogg-theora: a1e56fd34408186e4bbccfd4996cb3dc -> 
  custom:container-muxer-webm: aa71ff27fc2769a1b78a27578f13a17b -> 
  custom:container-demuxer-webm: 4f35f7cbe854078d1ac9338744f61a02 -> 
  custom:container-demuxer-ogg: 62fdf1f143b41e24485cea50d1cbac27 -> 
  custom:video-encoder-webm-vp8: eb34c28f22e8b96e1ab97ce403110664 -> 
  custom:video-codec-MediaFoundation-h265: 746d11721c4dcdbdad8f713fa42b33f4 -> 
  custom:video-decoder-webm-vp8: 9c59270c3fd7afecdb556c50c9e8de78 -> 
  custom:audio-decoder-ogg-vorbis: bf7c407c2cedff20999df2af8eb42d56 -> 
  custom:audio-encoder-webm-vorbis: bf7c407c2cedff20999df2af8eb42d56 -> 
========================================================================
Received Import Request.
  Time since last request: 162.267790 seconds.
  path: Assets/Prefabs/Crate.prefab
  artifactKey: Guid(b66c03d11d56d7249b1c09d9dd498bee) Importer(815301076,1909f56bfc062723c751e8b465ee728b)
Start importing Assets/Prefabs/Crate.prefab using Guid(b66c03d11d56d7249b1c09d9dd498bee) Importer(815301076,1909f56bfc062723c751e8b465ee728b)  -> (artifact id: 'bd2e7f007e8c8add7a727c972ac8130f') in 0.116323 seconds 
  Import took 0.120185 seconds .

========================================================================
Received Import Request.
  Time since last request: 0.016277 seconds.
  path: Assets/Prefabs/Crate.prefab
  artifactKey: Guid(b66c03d11d56d7249b1c09d9dd498bee) Importer(815301076,1909f56bfc062723c751e8b465ee728b)
Start importing Assets/Prefabs/Crate.prefab using Guid(b66c03d11d56d7249b1c09d9dd498bee) Importer(815301076,1909f56bfc062723c751e8b465ee728b)  -> (artifact id: 'bd2e7f007e8c8add7a727c972ac8130f') in 0.030741 seconds 
  Import took 0.033930 seconds .

========================================================================
Received Import Request.
  Time since last request: 4.669717 seconds.
  path: Assets/Prefabs/Crate.prefab
  artifactKey: Guid(b66c03d11d56d7249b1c09d9dd498bee) Importer(815301076,1909f56bfc062723c751e8b465ee728b)
Start importing Assets/Prefabs/Crate.prefab using Guid(b66c03d11d56d7249b1c09d9dd498bee) Importer(815301076,1909f56bfc062723c751e8b465ee728b)  -> (artifact id: '72d9a00d245d7f2fe9d813693bf977e8') in 0.010596 seconds 
  Import took 0.014635 seconds .

========================================================================
Received Import Request.
  Time since last request: 0.023671 seconds.
  path: Assets/Prefabs/Crate.prefab
  artifactKey: Guid(b66c03d11d56d7249b1c09d9dd498bee) Importer(815301076,1909f56bfc062723c751e8b465ee728b)
Start importing Assets/Prefabs/Crate.prefab using Guid(b66c03d11d56d7249b1c09d9dd498bee) Importer(815301076,1909f56bfc062723c751e8b465ee728b)  -> (artifact id: '72d9a00d245d7f2fe9d813693bf977e8') in 0.014083 seconds 
  Import took 0.017560 seconds .

========================================================================
Received Import Request.
  Time since last request: 1.065469 seconds.
  path: Assets/Prefabs/Crate.prefab
  artifactKey: Guid(b66c03d11d56d7249b1c09d9dd498bee) Importer(815301076,1909f56bfc062723c751e8b465ee728b)
Start importing Assets/Prefabs/Crate.prefab using Guid(b66c03d11d56d7249b1c09d9dd498bee) Importer(815301076,1909f56bfc062723c751e8b465ee728b)  -> (artifact id: 'ccc1f230e81daeec9b09ed706cf30af5') in 0.021281 seconds 
  Import took 0.025435 seconds .

========================================================================
Received Import Request.
  Time since last request: 38.176845 seconds.
  path: Assets/Materials/Crate.mat
  artifactKey: Guid(d1369795714e87a46b56aa2bbef2e15e) Importer(815301076,1909f56bfc062723c751e8b465ee728b)
Start importing Assets/Materials/Crate.mat using Guid(d1369795714e87a46b56aa2bbef2e15e) Importer(815301076,1909f56bfc062723c751e8b465ee728b)  -> (artifact id: '15d1acfa9a523ee7c5900023d20b9d00') in 0.096478 seconds 
  Import took 0.107833 seconds .

========================================================================
Received Import Request.
  Time since last request: 17.753029 seconds.
  path: Assets/Materials/Smoke.mat
  artifactKey: Guid(791aab7540b8b1444a515bb4b4ce12f4) Importer(815301076,1909f56bfc062723c751e8b465ee728b)
Start importing Assets/Materials/Smoke.mat using Guid(791aab7540b8b1444a515bb4b4ce12f4) Importer(815301076,1909f56bfc062723c751e8b465ee728b)  -> (artifact id: 'bb944c043e88853de830b23674cb0d4e') in 0.023341 seconds 
  Import took 0.028395 seconds .

AssetImportWorkerClient::OnTransportError - code=2 error=End of file
